<?xml version="1.0" encoding="UTF-8"?>
<!-- Generated by org.testng.reporters.JUnitReportReporter -->
<testsuite hostname="DESKTOP-PP61K9E" failures="0" tests="1" name="com.qa.FlipkartShopping.TC_FlipkartShopping_01" time="23.749" errors="0" timestamp="2021-05-03T21:16:29 IST" skipped="0">
  <testcase classname="com.qa.FlipkartShopping.TC_FlipkartShopping_01" name="FlipkartShopping" time="23.749"/>
  <system-out/>
</testsuite> <!-- com.qa.FlipkartShopping.TC_FlipkartShopping_01 -->
